Build started 2016-02-01 오전 11:07:12.
     1>Project "C:\Users\B.J\Documents\GitHub\WinWin2015\win2015\WinApp1\WinApp1\WinApp1.vcxproj" on node 2 (build target(s)).
     1>PrepareForBuild:
         Creating directory "C:\Users\B.J\Documents\GitHub\WinWin2015\win2015\WinApp1\Debug\".
       InitializeBuildStatus:
         Creating "Debug\WinApp1.unsuccessfulbuild" because "AlwaysCreate" was specified.
       ClCompile:
         c:\Program Files (x86)\Microsoft Visual Studio 10.0\VC\bin\CL.exe /c /ZI /nologo /W3 /WX- /Od /Oy- /D WIN32 /D _WINDOWS /D _DEBUG /D _UNICODE /D UNICODE /D _AFXDLL /Gm /EHsc /RTC1 /MDd /GS /fp:precise /Zc:wchar_t /Zc:forScope /Yc"StdAfx.h" /Fp"Debug\WinApp1.pch" /Fo"Debug\\" /Fd"Debug\vc100.pdb" /Gd /TP /analyze- /errorReport:prompt stdafx.cpp
         stdafx.cpp
         c:\Program Files (x86)\Microsoft Visual Studio 10.0\VC\bin\CL.exe /c /ZI /nologo /W3 /WX- /Od /Oy- /D WIN32 /D _WINDOWS /D _DEBUG /D _UNICODE /D UNICODE /D _AFXDLL /Gm /EHsc /RTC1 /MDd /GS /fp:precise /Zc:wchar_t /Zc:forScope /Yu"StdAfx.h" /Fp"Debug\WinApp1.pch" /Fo"Debug\\" /Fd"Debug\vc100.pdb" /Gd /TP /analyze- /errorReport:prompt WinApp1.cpp WinApp1Dlg.cpp
         WinApp1Dlg.cpp
         WinApp1.cpp
         코드를 생성하고 있습니다...
       ResourceCompile:
         c:\Program Files (x86)\Microsoft SDKs\Windows\v7.0A\bin\rc.exe /D _DEBUG /D _UNICODE /D UNICODE /D _AFXDLL /l"0x0412" /IDebug\ /nologo /fo"Debug\WinApp1.res" WinApp1.rc 
       ManifestResourceCompile:
         c:\Program Files (x86)\Microsoft SDKs\Windows\v7.0A\bin\rc.exe /nologo /fo"Debug\WinApp1.exe.embed.manifest.res" Debug\WinApp1_manifest.rc 
       Link:
         c:\Program Files (x86)\Microsoft Visual Studio 10.0\VC\bin\link.exe /ERRORREPORT:PROMPT /OUT:"C:\Users\B.J\Documents\GitHub\WinWin2015\win2015\WinApp1\Debug\WinApp1.exe" /INCREMENTAL /NOLOGO /MANIFEST /ManifestFile:"Debug\WinApp1.exe.intermediate.manifest" /MANIFESTUAC:"level='asInvoker' uiAccess='false'" /DEBUG /PDB:"C:\Users\B.J\Documents\GitHub\WinWin2015\win2015\WinApp1\Debug\WinApp1.pdb" /SUBSYSTEM:WINDOWS /TLBID:1 /ENTRY:"wWinMainCRTStartup" /DYNAMICBASE /NXCOMPAT /IMPLIB:"C:\Users\B.J\Documents\GitHub\WinWin2015\win2015\WinApp1\Debug\WinApp1.lib" /MACHINE:X86 Debug\WinApp1.res
         Debug\WinApp1.exe.embed.manifest.res
         Debug\stdafx.obj
         Debug\WinApp1.obj
         Debug\WinApp1Dlg.obj
       Manifest:
         c:\Program Files (x86)\Microsoft SDKs\Windows\v7.0A\bin\mt.exe /nologo /verbose /out:"Debug\WinApp1.exe.embed.manifest" /manifest Debug\WinApp1.exe.intermediate.manifest "c:\Program Files (x86)\Microsoft Visual Studio 10.0\VC\Include\Manifest\dpiaware.manifest"
         c:\Program Files (x86)\Microsoft SDKs\Windows\v7.0A\bin\rc.exe /nologo /fo"Debug\WinApp1.exe.embed.manifest.res" Debug\WinApp1_manifest.rc 
       LinkEmbedManifest:
         c:\Program Files (x86)\Microsoft Visual Studio 10.0\VC\bin\link.exe /ERRORREPORT:PROMPT /OUT:"C:\Users\B.J\Documents\GitHub\WinWin2015\win2015\WinApp1\Debug\WinApp1.exe" /INCREMENTAL /NOLOGO /MANIFEST /ManifestFile:"Debug\WinApp1.exe.intermediate.manifest" /MANIFESTUAC:"level='asInvoker' uiAccess='false'" /DEBUG /PDB:"C:\Users\B.J\Documents\GitHub\WinWin2015\win2015\WinApp1\Debug\WinApp1.pdb" /SUBSYSTEM:WINDOWS /TLBID:1 /ENTRY:"wWinMainCRTStartup" /DYNAMICBASE /NXCOMPAT /IMPLIB:"C:\Users\B.J\Documents\GitHub\WinWin2015\win2015\WinApp1\Debug\WinApp1.lib" /MACHINE:X86 Debug\WinApp1.res
         Debug\WinApp1.exe.embed.manifest.res
         Debug\stdafx.obj
         Debug\WinApp1.obj
         Debug\WinApp1Dlg.obj
         WinApp1.vcxproj -> C:\Users\B.J\Documents\GitHub\WinWin2015\win2015\WinApp1\Debug\WinApp1.exe
       FinalizeBuildStatus:
         Deleting file "Debug\WinApp1.unsuccessfulbuild".
         Touching "Debug\WinApp1.lastbuildstate".
     1>Done Building Project "C:\Users\B.J\Documents\GitHub\WinWin2015\win2015\WinApp1\WinApp1\WinApp1.vcxproj" (build target(s)).

빌드했습니다.

Time Elapsed 00:00:02.81
