Build started 2016-02-01 오전 11:25:56.
     1>Project "C:\Users\B.J\Documents\GitHub\WinWin2015\win32\win32\win32.vcxproj" on node 2 (build target(s)).
     1>PrepareForBuild:
         Creating directory "C:\Users\B.J\Documents\GitHub\WinWin2015\win32\Debug\".
       InitializeBuildStatus:
         Creating "Debug\win32.unsuccessfulbuild" because "AlwaysCreate" was specified.
       ClCompile:
         c:\Program Files (x86)\Microsoft Visual Studio 10.0\VC\bin\CL.exe /c /ZI /nologo /W3 /WX- /Od /Oy- /D WIN32 /D _DEBUG /D _CONSOLE /D _UNICODE /D UNICODE /Gm /EHsc /RTC1 /MDd /GS /fp:precise /Zc:wchar_t /Zc:forScope /Yc"StdAfx.h" /Fp"Debug\win32.pch" /Fo"Debug\\" /Fd"Debug\vc100.pdb" /Gd /TP /analyze- /errorReport:prompt stdafx.cpp
         stdafx.cpp
         c:\Program Files (x86)\Microsoft Visual Studio 10.0\VC\bin\CL.exe /c /ZI /nologo /W3 /WX- /Od /Oy- /D WIN32 /D _DEBUG /D _CONSOLE /D _UNICODE /D UNICODE /Gm /EHsc /RTC1 /MDd /GS /fp:precise /Zc:wchar_t /Zc:forScope /Yu"StdAfx.h" /Fp"Debug\win32.pch" /Fo"Debug\\" /Fd"Debug\vc100.pdb" /Gd /TP /analyze- /errorReport:prompt win32.cpp
         win32.cpp
       ManifestResourceCompile:
         c:\Program Files (x86)\Microsoft SDKs\Windows\v7.0A\bin\rc.exe /nologo /fo"Debug\win32.exe.embed.manifest.res" Debug\win32_manifest.rc 
       Link:
         c:\Program Files (x86)\Microsoft Visual Studio 10.0\VC\bin\link.exe /ERRORREPORT:PROMPT /OUT:"C:\Users\B.J\Documents\GitHub\WinWin2015\win32\Debug\win32.exe" /INCREMENTAL /NOLOGO kernel32.lib user32.lib gdi32.lib winspool.lib comdlg32.lib advapi32.lib shell32.lib ole32.lib oleaut32.lib uuid.lib odbc32.lib odbccp32.lib /MANIFEST /ManifestFile:"Debug\win32.exe.intermediate.manifest" /MANIFESTUAC:"level='asInvoker' uiAccess='false'" /DEBUG /PDB:"C:\Users\B.J\Documents\GitHub\WinWin2015\win32\Debug\win32.pdb" /SUBSYSTEM:CONSOLE /TLBID:1 /DYNAMICBASE /NXCOMPAT /IMPLIB:"C:\Users\B.J\Documents\GitHub\WinWin2015\win32\Debug\win32.lib" /MACHINE:X86 Debug\win32.exe.embed.manifest.res
         Debug\stdafx.obj
         Debug\win32.obj
       Manifest:
         c:\Program Files (x86)\Microsoft SDKs\Windows\v7.0A\bin\mt.exe /nologo /verbose /out:"Debug\win32.exe.embed.manifest" /manifest Debug\win32.exe.intermediate.manifest
         c:\Program Files (x86)\Microsoft SDKs\Windows\v7.0A\bin\rc.exe /nologo /fo"Debug\win32.exe.embed.manifest.res" Debug\win32_manifest.rc 
       LinkEmbedManifest:
         c:\Program Files (x86)\Microsoft Visual Studio 10.0\VC\bin\link.exe /ERRORREPORT:PROMPT /OUT:"C:\Users\B.J\Documents\GitHub\WinWin2015\win32\Debug\win32.exe" /INCREMENTAL /NOLOGO kernel32.lib user32.lib gdi32.lib winspool.lib comdlg32.lib advapi32.lib shell32.lib ole32.lib oleaut32.lib uuid.lib odbc32.lib odbccp32.lib /MANIFEST /ManifestFile:"Debug\win32.exe.intermediate.manifest" /MANIFESTUAC:"level='asInvoker' uiAccess='false'" /DEBUG /PDB:"C:\Users\B.J\Documents\GitHub\WinWin2015\win32\Debug\win32.pdb" /SUBSYSTEM:CONSOLE /TLBID:1 /DYNAMICBASE /NXCOMPAT /IMPLIB:"C:\Users\B.J\Documents\GitHub\WinWin2015\win32\Debug\win32.lib" /MACHINE:X86 Debug\win32.exe.embed.manifest.res
         Debug\stdafx.obj
         Debug\win32.obj
         win32.vcxproj -> C:\Users\B.J\Documents\GitHub\WinWin2015\win32\Debug\win32.exe
       FinalizeBuildStatus:
         Deleting file "Debug\win32.unsuccessfulbuild".
         Touching "Debug\win32.lastbuildstate".
     1>Done Building Project "C:\Users\B.J\Documents\GitHub\WinWin2015\win32\win32\win32.vcxproj" (build target(s)).

빌드했습니다.

Time Elapsed 00:00:00.89
